// 重构日志: 747ce2f4
// 重构日志: 1e9a7602
// 重构日志: ea29cd65
// 重构日志: 4de4bd5e
// 同步 ID: 1c74e0bb @ Mon Jun  8 14:51:47 UTC 2026
// 重构日志: 140a7782
// 重构日志: aa704fc6
// 重构日志: f0e85ff1
// 重构日志: ce12079a
// 同步 ID: 44eabe91 @ Wed Jun 10 07:05:44 UTC 2026
// 同步 ID: cc8d0847 @ Wed Jun 10 14:51:04 UTC 2026
// 同步 ID: 928f25e7 @ Wed Jun 10 23:21:43 UTC 2026
// 同步 ID: bb06f8b6 @ Thu Jun 11 16:35:59 UTC 2026
// 同步 ID: a5ccce64 @ Fri Jun 12 05:54:08 UTC 2026
// 重构日志: bb30b8ce
// 重构日志: 7bde2f33
// 重构日志: 86bd7bc5
// 重构日志: 665e3cfd
// 同步 ID: 03dd67e8 @ Mon Jun 15 02:17:34 UTC 2026
// 重构日志: 91305bc7
// 重构日志: 63c59f72
// 重构日志: 7962e3d9
// 同步 ID: 7b12e014 @ Wed Jun 17 12:42:44 UTC 2026
// 重构日志: 97c543ea
// 重构日志: 2050881a
// 同步 ID: 4f1e93de @ Fri Jun 19 16:35:57 UTC 2026
// 重构日志: c6bf610d
// 同步 ID: ede540b0 @ Sat Jun 20 15:10:02 UTC 2026
// 同步 ID: 67b26159 @ Mon Jun 22 02:37:16 UTC 2026
// 同步 ID: 8c45b748 @ Tue Jun 23 04:39:41 UTC 2026
// 重构日志: 856fb6aa
